2025-12-16 20:24:30,559 [INFO] Activator:176 - 


2025-12-16 20:24:30,560 [INFO] Activator:177 - !SESSION log4j initialized
2025-12-16 20:24:32,594 [INFO] LogOutputStream:77 - [STDOUT_REDIRECT] 
2025-12-16 20:24:33,745 [INFO] ApplicationProperties:184 - Using Application install path: C:\ST\STM32CubeIDE_1.19.0\STM32CubeIDE\plugins\com.st.stm32cube.common.mx_6.15.0.202507011659
2025-12-16 20:24:33,756 [INFO] DbMcusXml:78 - Set database path to: C:\ST\STM32CubeIDE_1.19.0\STM32CubeIDE\plugins\com.st.stm32cube.common.mx_6.15.0.202507011659\\db\/mcu/
2025-12-16 20:24:33,756 [INFO] ApiDb:274 - Set plugin database path to: C:\ST\STM32CubeIDE_1.19.0\STM32CubeIDE\plugins\com.st.stm32cube.common.mx_6.15.0.202507011659\\db\/plugins/boardmanager/
2025-12-16 20:24:33,756 [WARN] ApiDb:259 - Overriding images path with different value:  => C:\ST\STM32CubeIDE_1.19.0\STM32CubeIDE\plugins\com.st.stm32cube.common.mx_6.15.0.202507011659\\db\/plugins/mcufinder/images/
2025-12-16 20:24:33,761 [INFO] ApiDb:250 - Set database path to: C:\Users\nhrob\.stmcufinder\plugins\mcufinder//mcu/
2025-12-16 20:24:33,761 [INFO] DbMcusAds:125 - Set database path to: C:\Users\nhrob\.stmcufinder\plugins\mcufinder//mcu/
2025-12-16 20:24:33,763 [INFO] CrossReferenceDbSqlite:203 - Set database path to: C:\Users\nhrob\.stmcufinder\plugins\mcufinder//mcu/cs/
2025-12-16 20:24:33,827 [INFO] RulesReader:64 - Compatibility file has been processed (317 Rules)
2025-12-16 20:24:33,896 [INFO] DbMcusXml:78 - Set database path to: C:\ST\STM32CubeIDE_1.19.0\STM32CubeIDE\plugins\com.st.stm32cube.common.mx_6.15.0.202507011659\\db\/mcu/
2025-12-16 20:24:33,896 [INFO] ApiDb:274 - Set plugin database path to: C:\ST\STM32CubeIDE_1.19.0\STM32CubeIDE\plugins\com.st.stm32cube.common.mx_6.15.0.202507011659\\db\/plugins/boardmanager/
2025-12-16 20:24:33,896 [INFO] ApiDb:261 - Set plugin images path to: C:\ST\STM32CubeIDE_1.19.0\STM32CubeIDE\plugins\com.st.stm32cube.common.mx_6.15.0.202507011659\\db\/plugins/mcufinder/images/
2025-12-16 20:24:33,896 [WARN] DbFile:41 - Overriding database path with different value: C:\Users\nhrob\.stmcufinder\plugins\mcufinder/ => C:\Users\nhrob\.stmcufinder\plugins\mcufinder
2025-12-16 20:24:33,896 [INFO] ApiDb:250 - Set database path to: C:\Users\nhrob\.stmcufinder\plugins\mcufinder//mcu/
2025-12-16 20:24:33,896 [WARN] DbFile:41 - Overriding database path with different value: C:\Users\nhrob\.stmcufinder\plugins\mcufinder/ => C:\Users\nhrob\.stmcufinder\plugins\mcufinder
2025-12-16 20:24:33,896 [INFO] DbMcusAds:125 - Set database path to: C:\Users\nhrob\.stmcufinder\plugins\mcufinder//mcu/
2025-12-16 20:24:33,896 [WARN] DbFile:41 - Overriding database path with different value: C:\Users\nhrob\.stmcufinder\plugins\mcufinder/ => C:\Users\nhrob\.stmcufinder\plugins\mcufinder
2025-12-16 20:24:33,896 [WARN] DbFile:41 - Overriding database path with different value: C:\Users\nhrob\.stmcufinder\plugins\mcufinder/ => C:\Users\nhrob\.stmcufinder\plugins\mcufinder
2025-12-16 20:24:33,896 [INFO] CrossReferenceDbSqlite:203 - Set database path to: C:\Users\nhrob\.stmcufinder\plugins\mcufinder//mcu/cs/
2025-12-16 20:24:33,939 [INFO] MainPanel:274 - HeapMemory: 268435456
2025-12-16 20:24:34,008 [INFO] DbMcusXml:78 - Set database path to: C:\ST\STM32CubeIDE_1.19.0\STM32CubeIDE\plugins\com.st.stm32cube.common.mx_6.15.0.202507011659\\db\/mcu/
2025-12-16 20:24:34,008 [INFO] ApiDb:274 - Set plugin database path to: C:\ST\STM32CubeIDE_1.19.0\STM32CubeIDE\plugins\com.st.stm32cube.common.mx_6.15.0.202507011659\\db\/plugins/boardmanager/
2025-12-16 20:24:34,008 [INFO] ApiDb:261 - Set plugin images path to: C:\ST\STM32CubeIDE_1.19.0\STM32CubeIDE\plugins\com.st.stm32cube.common.mx_6.15.0.202507011659\\db\/plugins/mcufinder/images/
2025-12-16 20:24:34,008 [WARN] DbFile:41 - Overriding database path with different value: C:\Users\nhrob\.stmcufinder\plugins\mcufinder/ => C:\Users\nhrob\.stmcufinder\plugins\mcufinder
2025-12-16 20:24:34,008 [INFO] ApiDb:250 - Set database path to: C:\Users\nhrob\.stmcufinder\plugins\mcufinder//mcu/
2025-12-16 20:24:34,008 [WARN] DbFile:41 - Overriding database path with different value: C:\Users\nhrob\.stmcufinder\plugins\mcufinder/ => C:\Users\nhrob\.stmcufinder\plugins\mcufinder
2025-12-16 20:24:34,009 [INFO] DbMcusAds:125 - Set database path to: C:\Users\nhrob\.stmcufinder\plugins\mcufinder//mcu/
2025-12-16 20:24:34,009 [WARN] DbFile:41 - Overriding database path with different value: C:\Users\nhrob\.stmcufinder\plugins\mcufinder/ => C:\Users\nhrob\.stmcufinder\plugins\mcufinder
2025-12-16 20:24:34,009 [WARN] DbFile:41 - Overriding database path with different value: C:\Users\nhrob\.stmcufinder\plugins\mcufinder/ => C:\Users\nhrob\.stmcufinder\plugins\mcufinder
2025-12-16 20:24:34,009 [INFO] CrossReferenceDbSqlite:203 - Set database path to: C:\Users\nhrob\.stmcufinder\plugins\mcufinder//mcu/cs/
2025-12-16 20:24:34,019 [INFO] ApplicationProperties:184 - Using Application install path: C:\ST\STM32CubeIDE_1.19.0\STM32CubeIDE\plugins\com.st.stm32cube.common.mx_6.15.0.202507011659
2025-12-16 20:24:34,019 [INFO] PluginManage:196 - Search for loadable plugins [exclusion list=, ]
2025-12-16 20:24:34,020 [INFO] PluginManage:310 - Check plugin analytics
2025-12-16 20:24:34,149 [INFO] AnalyticsPlugin:253 - Accepted Software Licenses: 
2025-12-16 20:24:34,149 [INFO] AnalyticsPlugin:255 - Accepted CMSIS Pack Licenses: 
2025-12-16 20:24:34,149 [INFO] AnalyticsPlugin:257 - Accepted Firmware Licenses: FW.C0.1.4.0
2025-12-16 20:24:34,150 [INFO] PluginManage:359 - Loaded plugin analytics (category:tool,tabindex:-1)
2025-12-16 20:24:34,151 [INFO] PluginManage:310 - Check plugin cadmodel
2025-12-16 20:24:34,156 [INFO] CADModel:105 - Init CAD model plugin
2025-12-16 20:24:34,156 [INFO] PluginManage:359 - Loaded plugin cadmodel (category:power,tabindex:5)
2025-12-16 20:24:34,156 [INFO] PluginManage:310 - Check plugin clock
2025-12-16 20:24:34,162 [INFO] PluginManage:359 - Loaded plugin clock (category:base,tabindex:2)
2025-12-16 20:24:34,162 [INFO] PluginManage:310 - Check plugin ddr
2025-12-16 20:24:34,164 [INFO] PluginManage:359 - Loaded plugin ddr (category:tool,tabindex:6)
2025-12-16 20:24:34,164 [INFO] PluginManage:310 - Check plugin filemanager
2025-12-16 20:24:34,259 [INFO] PluginManage:359 - Loaded plugin filemanager (category:base,tabindex:10)
2025-12-16 20:24:34,259 [INFO] PluginManage:310 - Check plugin ipmanager
2025-12-16 20:24:34,264 [INFO] PluginManage:359 - Loaded plugin ipmanager (category:base,tabindex:5)
2025-12-16 20:24:34,264 [INFO] PluginManage:310 - Check plugin lpbam
2025-12-16 20:24:34,271 [INFO] PluginManage:359 - Loaded plugin lpbam (category:base,tabindex:0)
2025-12-16 20:24:34,271 [INFO] PluginManage:310 - Check plugin memorymap
2025-12-16 20:24:34,283 [INFO] PluginManage:359 - Loaded plugin memorymap (category:base,tabindex:4)
2025-12-16 20:24:34,283 [INFO] PluginManage:310 - Check plugin pinoutandconfiguration
2025-12-16 20:24:34,289 [INFO] PluginManage:359 - Loaded plugin pinoutandconfiguration (category:base,tabindex:1)
2025-12-16 20:24:34,289 [INFO] PluginManage:310 - Check plugin pinoutconfig
2025-12-16 20:24:34,339 [WARN] SupportedApi:132 - Cannot load RTOS API schema: s4s-elt-must-match.1: The content of 'definitions' must match (annotation?, (simpleType | complexType)?, (unique | key | keyref)*)). A problem was found starting at: attribute.
2025-12-16 20:24:34,419 [INFO] PluginManage:359 - Loaded plugin pinoutconfig (category:base,tabindex:0)
2025-12-16 20:24:34,419 [INFO] PluginManage:310 - Check plugin power
2025-12-16 20:24:34,425 [INFO] PluginManage:359 - Loaded plugin power (category:power,tabindex:4)
2025-12-16 20:24:34,425 [INFO] PluginManage:310 - Check plugin projectmanager
2025-12-16 20:24:34,434 [INFO] PluginManage:359 - Loaded plugin projectmanager (category:projectmanager,tabindex:4)
2025-12-16 20:24:34,435 [INFO] PluginManage:310 - Check plugin rif
2025-12-16 20:24:34,441 [INFO] PluginManage:359 - Loaded plugin rif (category:base,tabindex:3)
2025-12-16 20:24:34,441 [INFO] PluginManage:310 - Check plugin thirdparty
2025-12-16 20:24:34,527 [WARN] IntegrityCheckThread:84 - waiting for thirdparty lock release [integrity check]
2025-12-16 20:24:34,527 [INFO] PluginManage:359 - Loaded plugin thirdparty (category:base,tabindex:-1)
2025-12-16 20:24:34,527 [INFO] IntegrityCheckThread:86 - entering critical section [integrity check]
2025-12-16 20:24:34,528 [INFO] PluginManage:310 - Check plugin tools
2025-12-16 20:24:34,528 [INFO] ThirdPartyUpdaterWithRetryManager:70 - Updater plugin not ready yet. [1/15]
2025-12-16 20:24:34,531 [INFO] PluginManage:359 - Loaded plugin tools (category:base,tabindex:7)
2025-12-16 20:24:34,531 [INFO] PluginManage:310 - Check plugin tutovideos
2025-12-16 20:24:34,656 [INFO] PluginManage:359 - Loaded plugin tutovideos (category:base,tabindex:-1)
2025-12-16 20:24:34,657 [INFO] PluginManage:310 - Check plugin updater
2025-12-16 20:24:34,670 [INFO] PluginManage:359 - Loaded plugin updater (category:base,tabindex:12)
2025-12-16 20:24:34,670 [INFO] PluginManage:310 - Check plugin userauth
2025-12-16 20:24:34,673 [INFO] UserAuth:118 - Init User Auth plugin
2025-12-16 20:24:34,673 [INFO] PluginManage:359 - Loaded plugin userauth (category:base,tabindex:14)
2025-12-16 20:24:34,673 [INFO] PluginManage:283 - PluginManage : Loaded plugins [18]
2025-12-16 20:24:34,798 [INFO] PinOutPanel:1589 - setPackage(No Configuration,No Configuration)
2025-12-16 20:24:34,845 [INFO] CADModel:165 - CPN selected for project level
2025-12-16 20:24:34,845 [INFO] CADModel:114 - Register for checkConnection events
2025-12-16 20:24:34,855 [INFO] IPUIPlugin:80 - create IPUIPlugin
2025-12-16 20:24:34,856 [INFO] PluginManager:220 - loadIPPluginJar : add adc
2025-12-16 20:24:34,858 [INFO] IPUIPlugin:80 - create IPUIPlugin
2025-12-16 20:24:34,858 [INFO] PluginManager:220 - loadIPPluginJar : add aes
2025-12-16 20:24:34,859 [INFO] IPUIPlugin:80 - create IPUIPlugin
2025-12-16 20:24:34,859 [INFO] PluginManager:220 - loadIPPluginJar : add can
2025-12-16 20:24:34,860 [INFO] IPUIPlugin:80 - create IPUIPlugin
2025-12-16 20:24:34,860 [INFO] PluginManager:220 - loadIPPluginJar : add comp
2025-12-16 20:24:34,861 [INFO] IPUIPlugin:80 - create IPUIPlugin
2025-12-16 20:24:34,861 [INFO] PluginManager:220 - loadIPPluginJar : add cryp
2025-12-16 20:24:34,864 [INFO] IPUIPlugin:80 - create IPUIPlugin
2025-12-16 20:24:34,864 [INFO] PluginManager:220 - loadIPPluginJar : add ddr_ctrl_phy
2025-12-16 20:24:34,865 [INFO] IPUIPlugin:80 - create IPUIPlugin
2025-12-16 20:24:34,865 [INFO] PluginManager:220 - loadIPPluginJar : add dfsdm
2025-12-16 20:24:34,869 [INFO] IPUIPlugin:80 - create IPUIPlugin
2025-12-16 20:24:34,869 [INFO] PluginManager:220 - loadIPPluginJar : add dma
2025-12-16 20:24:34,870 [INFO] IPUIPlugin:80 - create IPUIPlugin
2025-12-16 20:24:34,870 [INFO] PluginManager:220 - loadIPPluginJar : add dma3
2025-12-16 20:24:34,872 [INFO] IPUIPlugin:80 - create IPUIPlugin
2025-12-16 20:24:34,872 [INFO] PluginManager:220 - loadIPPluginJar : add extmemmanager
2025-12-16 20:24:34,873 [INFO] IPUIPlugin:80 - create IPUIPlugin
2025-12-16 20:24:34,873 [INFO] PluginManager:220 - loadIPPluginJar : add fatfs
2025-12-16 20:24:34,875 [INFO] IPUIPlugin:80 - create IPUIPlugin
2025-12-16 20:24:34,875 [INFO] PluginManager:220 - loadIPPluginJar : add fmc
2025-12-16 20:24:34,879 [INFO] IPUIPlugin:80 - create IPUIPlugin
2025-12-16 20:24:34,879 [INFO] PluginManager:220 - loadIPPluginJar : add freertos
2025-12-16 20:24:34,879 [INFO] IPUIPlugin:80 - create IPUIPlugin
2025-12-16 20:24:34,879 [INFO] PluginManager:220 - loadIPPluginJar : add genericplugin
2025-12-16 20:24:34,881 [INFO] IPUIPlugin:80 - create IPUIPlugin
2025-12-16 20:24:34,881 [INFO] PluginManager:220 - loadIPPluginJar : add gfxmmu
2025-12-16 20:24:34,883 [INFO] IPUIPlugin:80 - create IPUIPlugin
2025-12-16 20:24:34,883 [INFO] PluginManager:220 - loadIPPluginJar : add gic
2025-12-16 20:24:34,885 [INFO] IPUIPlugin:80 - create IPUIPlugin
2025-12-16 20:24:34,885 [INFO] PluginManager:220 - loadIPPluginJar : add gpio
2025-12-16 20:24:34,887 [INFO] IPUIPlugin:80 - create IPUIPlugin
2025-12-16 20:24:34,887 [INFO] PluginManager:220 - loadIPPluginJar : add gtzc
2025-12-16 20:24:34,888 [INFO] IPUIPlugin:80 - create IPUIPlugin
2025-12-16 20:24:34,888 [INFO] PluginManager:220 - loadIPPluginJar : add hash
2025-12-16 20:24:34,890 [INFO] IPUIPlugin:80 - create IPUIPlugin
2025-12-16 20:24:34,890 [INFO] PluginManager:220 - loadIPPluginJar : add i2c
2025-12-16 20:24:34,892 [INFO] IPUIPlugin:80 - create IPUIPlugin
2025-12-16 20:24:34,892 [INFO] PluginManager:220 - loadIPPluginJar : add i2s
2025-12-16 20:24:34,893 [INFO] IPUIPlugin:80 - create IPUIPlugin
2025-12-16 20:24:34,893 [INFO] PluginManager:220 - loadIPPluginJar : add i3c
2025-12-16 20:24:34,896 [INFO] IPUIPlugin:80 - create IPUIPlugin
2025-12-16 20:24:34,896 [INFO] PluginManager:220 - loadIPPluginJar : add ipddr
2025-12-16 20:24:34,900 [INFO] IPUIPlugin:80 - create IPUIPlugin
2025-12-16 20:24:34,900 [INFO] PluginManager:220 - loadIPPluginJar : add linkedlist
2025-12-16 20:24:34,902 [INFO] IPUIPlugin:80 - create IPUIPlugin
2025-12-16 20:24:34,902 [INFO] PluginManager:220 - loadIPPluginJar : add lorawan
2025-12-16 20:24:34,902 [INFO] IPUIPlugin:80 - create IPUIPlugin
2025-12-16 20:24:34,902 [INFO] PluginManager:220 - loadIPPluginJar : add ltdc
2025-12-16 20:24:34,906 [INFO] IPUIPlugin:80 - create IPUIPlugin
2025-12-16 20:24:34,906 [INFO] PluginManager:220 - loadIPPluginJar : add mdma
2025-12-16 20:24:34,908 [INFO] IPUIPlugin:80 - create IPUIPlugin
2025-12-16 20:24:34,908 [INFO] PluginManager:220 - loadIPPluginJar : add nvic
2025-12-16 20:24:34,911 [INFO] IPUIPlugin:80 - create IPUIPlugin
2025-12-16 20:24:34,911 [INFO] PluginManager:220 - loadIPPluginJar : add opamp
2025-12-16 20:24:34,913 [INFO] IPUIPlugin:80 - create IPUIPlugin
2025-12-16 20:24:34,913 [INFO] PluginManager:220 - loadIPPluginJar : add openamp
2025-12-16 20:24:34,914 [INFO] IPUIPlugin:80 - create IPUIPlugin
2025-12-16 20:24:34,914 [INFO] PluginManager:220 - loadIPPluginJar : add pdm2pcm
2025-12-16 20:24:34,917 [INFO] IPUIPlugin:80 - create IPUIPlugin
2025-12-16 20:24:34,919 [INFO] PluginManager:220 - loadIPPluginJar : add plateformsettings
2025-12-16 20:24:34,920 [INFO] IPUIPlugin:80 - create IPUIPlugin
2025-12-16 20:24:34,920 [INFO] PluginManager:220 - loadIPPluginJar : add quadspi
2025-12-16 20:24:34,922 [INFO] IPUIPlugin:80 - create IPUIPlugin
2025-12-16 20:24:34,922 [INFO] PluginManager:220 - loadIPPluginJar : add radio
2025-12-16 20:24:34,924 [INFO] IPUIPlugin:80 - create IPUIPlugin
2025-12-16 20:24:34,925 [INFO] PluginManager:220 - loadIPPluginJar : add resmgrutility
2025-12-16 20:24:34,926 [INFO] IPUIPlugin:80 - create IPUIPlugin
2025-12-16 20:24:34,926 [INFO] PluginManager:220 - loadIPPluginJar : add sai
2025-12-16 20:24:34,927 [INFO] IPUIPlugin:80 - create IPUIPlugin
2025-12-16 20:24:34,927 [INFO] PluginManager:220 - loadIPPluginJar : add spi
2025-12-16 20:24:34,930 [INFO] IPUIPlugin:80 - create IPUIPlugin
2025-12-16 20:24:34,930 [INFO] PluginManager:220 - loadIPPluginJar : add stm32_wpan
2025-12-16 20:24:34,932 [INFO] IPUIPlugin:80 - create IPUIPlugin
2025-12-16 20:24:34,932 [INFO] PluginManager:220 - loadIPPluginJar : add tim
2025-12-16 20:24:34,933 [INFO] IPUIPlugin:80 - create IPUIPlugin
2025-12-16 20:24:34,933 [INFO] PluginManager:220 - loadIPPluginJar : add touchsensing
2025-12-16 20:24:34,935 [INFO] IPUIPlugin:80 - create IPUIPlugin
2025-12-16 20:24:34,935 [INFO] PluginManager:220 - loadIPPluginJar : add tracer_emb
2025-12-16 20:24:34,936 [INFO] IPUIPlugin:80 - create IPUIPlugin
2025-12-16 20:24:34,936 [INFO] PluginManager:220 - loadIPPluginJar : add ts
2025-12-16 20:24:34,936 [INFO] IPUIPlugin:80 - create IPUIPlugin
2025-12-16 20:24:34,936 [INFO] PluginManager:220 - loadIPPluginJar : add tsc
2025-12-16 20:24:34,938 [INFO] IPUIPlugin:80 - create IPUIPlugin
2025-12-16 20:24:34,938 [INFO] PluginManager:220 - loadIPPluginJar : add ucpd
2025-12-16 20:24:34,940 [INFO] IPUIPlugin:80 - create IPUIPlugin
2025-12-16 20:24:34,940 [INFO] PluginManager:220 - loadIPPluginJar : add usart
2025-12-16 20:24:34,941 [INFO] IPUIPlugin:80 - create IPUIPlugin
2025-12-16 20:24:34,941 [INFO] PluginManager:220 - loadIPPluginJar : add usbx
2025-12-16 20:24:35,044 [FATAL] Updater:351 - Updater called before beeing initialized
2025-12-16 20:24:35,057 [INFO] RulesReader:64 - Compatibility file has been processed (317 Rules)
2025-12-16 20:24:35,063 [INFO] RulesReader:64 - Compatibility file has been processed (317 Rules)
2025-12-16 20:24:35,070 [INFO] CADModel:165 - CPN selected for project level
2025-12-16 20:24:35,070 [INFO] CADModel:114 - Register for checkConnection events
2025-12-16 20:24:35,070 [FATAL] Updater:351 - Updater called before beeing initialized
2025-12-16 20:24:35,071 [ERROR] CADModel:125 - Updater not yet initialized, retry later 
2025-12-16 20:24:35,165 [FATAL] Updater:351 - Updater called before beeing initialized
2025-12-16 20:24:35,165 [INFO] CADModel:165 - CPN selected for project level
2025-12-16 20:24:35,165 [INFO] CADModel:114 - Register for checkConnection events
2025-12-16 20:24:35,165 [FATAL] Updater:351 - Updater called before beeing initialized
2025-12-16 20:24:35,165 [ERROR] CADModel:125 - Updater not yet initialized, retry later 
2025-12-16 20:24:35,167 [FATAL] Updater:351 - Updater called before beeing initialized
2025-12-16 20:24:35,236 [FATAL] Updater:351 - Updater called before beeing initialized
2025-12-16 20:24:35,239 [INFO] DbMcusAds:53 - JSON generation date=Tue Jul 08 04:14:23 EDT 2025 (1751962463524)
2025-12-16 20:24:35,239 [FATAL] Updater:351 - Updater called before beeing initialized
2025-12-16 20:24:35,262 [WARN] DetailPanel:346 - Failed to get advertising image, set to default
2025-12-16 20:24:35,304 [FATAL] Updater:351 - Updater called before beeing initialized
2025-12-16 20:24:35,305 [FATAL] Updater:351 - Updater called before beeing initialized
2025-12-16 20:24:35,305 [FATAL] Updater:351 - Updater called before beeing initialized
2025-12-16 20:24:35,305 [WARN] DetailPanel:346 - Failed to get advertising image, set to default
2025-12-16 20:24:35,306 [FATAL] Updater:351 - Updater called before beeing initialized
2025-12-16 20:24:35,332 [ERROR] Updater:1198 - MainUpdater not yet initialized. External WinMGr cannot be set.
2025-12-16 20:24:35,333 [INFO] Updater:1134 - Updater Version found : 6.15.0
2025-12-16 20:24:35,344 [INFO] ApplicationProperties:184 - Using Application install path: C:\ST\STM32CubeIDE_1.19.0\STM32CubeIDE\plugins\com.st.stm32cube.common.mx_6.15.0.202507011659
2025-12-16 20:24:36,907 [ERROR] LogOutputStream:75 - [STDERR_REDIRECT] Dec 16, 2025 8:24:36 PM java.util.prefs.WindowsPreferences <init>
2025-12-16 20:24:36,908 [ERROR] LogOutputStream:75 - [STDERR_REDIRECT] WARNING: Could not open/create prefs root node Software\JavaSoft\Prefs at root 0xffffffff80000002. Windows RegCreateKeyEx(...) returned error code 5.
2025-12-16 20:24:36,909 [ERROR] LogOutputStream:75 - [STDERR_REDIRECT] 
2025-12-16 20:24:37,176 [INFO] MainUpdater:2872 - connection check result : 10
2025-12-16 20:24:37,177 [INFO] MainUpdater:3604 - Updater definition file requires update
2025-12-16 20:24:37,177 [INFO] MainUpdater:289 - Updater Check For Update Now.
2025-12-16 20:24:37,177 [INFO] MicroXplorer:498 - Change Database Version : DB.6.0.150
2025-12-16 20:24:37,180 [INFO] McuFinderGlobals:63 - Set McuFinder mode to 2 (CubeIDE integrated)
2025-12-16 20:24:37,181 [INFO] UserAuth:487 - Internet connection configuration mode: 1
2025-12-16 20:24:37,194 [INFO] JxBrowserEngine:152 - Initiate JxBrowser Engine with user profile folder
2025-12-16 20:24:37,204 [INFO] ServerAccessManage:452 - Complete download http(s) 200
2025-12-16 20:24:37,205 [INFO] ServerAccessManage:509 - Download File updaters.zip
2025-12-16 20:24:37,267 [INFO] FileExtend:248 - Unzip File : updaters.zip
2025-12-16 20:24:37,268 [INFO] FileExtend:263 - Standard Zip Deflate
2025-12-16 20:24:37,437 [INFO] ServerAccessManage:452 - Complete download http(s) 200
2025-12-16 20:24:37,437 [INFO] ServerAccessManage:509 - Download File PacksControlFlags.xml
2025-12-16 20:24:37,523 [INFO] ServerAccessManage:452 - Complete download http(s) 200
2025-12-16 20:24:37,523 [INFO] ServerAccessManage:509 - Download File cubemx.pidx
2025-12-16 20:24:37,528 [WARN] MainUpdater:1193 - Updater busy. Cannot search thirdparties
2025-12-16 20:24:37,528 [INFO] ThirdPartyUpdaterWithRetryManager:96 - Updater plugin is busy. [1/15]
2025-12-16 20:24:37,578 [INFO] LoadServerUpdatesThread:375 - End of LoadServerUpdate Thread
2025-12-16 20:24:37,710 [INFO] CheckServerUpdateThread:120 - End of CheckServer Thread
2025-12-16 20:24:38,069 [INFO] WebApp:169 - Instantiating new browser for Auth
2025-12-16 20:24:38,592 [INFO] WebApp:463 - Apply proxy settings
2025-12-16 20:24:38,592 [INFO] WebApp:548 - Chromium requires no authentication
2025-12-16 20:24:38,614 [INFO] WebApp:491 - Direct internet connection detected
2025-12-16 20:24:38,650 [INFO] WebApp:900 - Register for checkConnection events
2025-12-16 20:24:38,650 [INFO] WebApp:463 - Apply proxy settings
2025-12-16 20:24:38,650 [INFO] WebApp:548 - Chromium requires no authentication
2025-12-16 20:24:38,650 [INFO] WebApp:491 - Direct internet connection detected
2025-12-16 20:24:38,788 [INFO] WebApp:191 - Connection restablished
2025-12-16 20:24:38,819 [INFO] WebApp:225 - Starting web application
2025-12-16 20:24:38,819 [INFO] WebApp:593 - Web application path used C:\ST\STM32CubeIDE_1.19.0\STM32CubeIDE\plugins\com.st.stm32cube.common.mx_6.15.0.202507011659\db\plugins\mcufinder\reactClient1\index.html
2025-12-16 20:24:38,908 [INFO] UserAuth:487 - Internet connection configuration mode: 1
2025-12-16 20:24:40,662 [WARN] PackLoader:240 - Cannot read IP mode file for STMicroelectronics.FP-SNS-MOTENVWB1.1.4.0
2025-12-16 20:24:40,668 [WARN] PackLoader:240 - Cannot read IP mode file for STMicroelectronics.FP-ATR-ASTRA1.2.0.2
2025-12-16 20:24:40,674 [WARN] PackLoader:240 - Cannot read IP mode file for STMicroelectronics.X-CUBE-SMBUS.2.1.0
2025-12-16 20:24:40,679 [WARN] PackLoader:240 - Cannot read IP mode file for STMicroelectronics.X-CUBE-ST60.1.0.0
2025-12-16 20:24:40,694 [WARN] PackLoader:240 - Cannot read IP mode file for STMicroelectronics.X-CUBE-AZRTOS-F7.1.1.0
2025-12-16 20:24:40,699 [WARN] PackLoader:240 - Cannot read IP mode file for Cesanta.I-CUBE-Mongoose.7.19.0
2025-12-16 20:24:40,701 [WARN] PackLoader:240 - Cannot read IP mode file for STMicroelectronics.FP-SNS-MOTENV1.5.1.0
2025-12-16 20:24:40,706 [WARN] PackLoader:240 - Cannot read IP mode file for WES.I-CUBE-Cesium.1.4.0
2025-12-16 20:24:40,717 [WARN] PackLoader:240 - Cannot read IP mode file for Infineon.AIROC-Wi-Fi-Bluetooth-STM32.1.7.1
2025-12-16 20:24:40,729 [WARN] PackLoader:240 - Cannot read IP mode file for STMicroelectronics.X-CUBE-AZRTOS-H7.3.4.0
2025-12-16 20:24:40,735 [WARN] PackLoader:240 - Cannot read IP mode file for STMicroelectronics.X-CUBE-DISPLAY.3.0.0
2025-12-16 20:24:40,744 [WARN] PackLoader:240 - Cannot read IP mode file for STMicroelectronics.X-CUBE-NFC10.1.0.0
2025-12-16 20:24:40,748 [WARN] PackLoader:240 - Cannot read IP mode file for STMicroelectronics.X-CUBE-ST60.1.1.0
2025-12-16 20:24:40,752 [WARN] PackLoader:240 - Cannot read IP mode file for emotas.I-CUBE-CANOPEN.1.3.0
2025-12-16 20:24:40,754 [WARN] PackLoader:240 - Cannot read IP mode file for STMicroelectronics.X-CUBE-GNSS1.7.1.0
2025-12-16 20:24:40,758 [WARN] PackLoader:240 - Cannot read IP mode file for STMicroelectronics.FP-SNS-STBOX1.2.1.0
2025-12-16 20:24:40,761 [WARN] PackLoader:240 - Cannot read IP mode file for STMicroelectronics.FP-SNS-SMARTAG2.1.2.0
2025-12-16 20:24:40,763 [WARN] PackLoader:240 - Cannot read IP mode file for STMicroelectronics.FP-SNS-FLIGHT1.5.1.0
2025-12-16 20:24:40,767 [INFO] LogOutputStream:77 - [STDOUT_REDIRECT] 1 : Invalid condition id : UX_CORESTACK_Condition cause : null
2025-12-16 20:24:40,768 [INFO] LogOutputStream:77 - [STDOUT_REDIRECT] 1 : Invalid condition id : UX_CORESTACK_Condition cause : null
2025-12-16 20:24:40,768 [INFO] LogOutputStream:77 - [STDOUT_REDIRECT] 1 : Invalid condition id : UX_CORESTACK_Condition cause : null
2025-12-16 20:24:40,769 [INFO] LogOutputStream:77 - [STDOUT_REDIRECT] 1 : Invalid condition id : UX_CORESTACK_Condition cause : null
2025-12-16 20:24:40,770 [INFO] LogOutputStream:77 - [STDOUT_REDIRECT] 1 : Invalid condition id : UX_CORESTACK_Condition cause : null
2025-12-16 20:24:40,771 [WARN] PackLoader:240 - Cannot read IP mode file for STMicroelectronics.X-CUBE-AZRTOS-WL.2.0.0
2025-12-16 20:24:40,773 [WARN] PackLoader:240 - Cannot read IP mode file for STMicroelectronics.FP-SNS-MOTENV1.5.0.0
2025-12-16 20:24:40,779 [WARN] PackLoader:240 - Cannot read IP mode file for STMicroelectronics.X-CUBE-AZRTOS-H7RS.1.2.0
2025-12-16 20:24:40,783 [WARN] PackLoader:240 - Cannot read IP mode file for STMicroelectronics.X-CUBE-BLE2.3.3.0
2025-12-16 20:24:40,796 [WARN] PackLoader:240 - Cannot read IP mode file for STMicroelectronics.X-CUBE-NFC9.1.0.0
2025-12-16 20:24:40,799 [WARN] PackLoader:240 - Cannot read IP mode file for wolfSSL.I-CUBE-wolfSSL.5.8.2
2025-12-16 20:24:40,801 [WARN] PackLoader:240 - Cannot read IP mode file for STMicroelectronics.X-CUBE-BLE1.7.1.0
2025-12-16 20:24:40,803 [WARN] PackLoader:240 - Cannot read IP mode file for wolfSSL.I-CUBE-wolfMQTT.1.19.2
2025-12-16 20:24:40,806 [WARN] PackLoader:240 - Cannot read IP mode file for STMicroelectronics.X-CUBE-FREERTOS.1.4.0
2025-12-16 20:24:40,808 [WARN] PackLoader:240 - Cannot read IP mode file for STMicroelectronics.X-CUBE-EEPRMA1.5.2.0
2025-12-16 20:24:40,812 [WARN] PackLoader:240 - Cannot read IP mode file for STMicroelectronics.X-CUBE-ST67W61.1.1.0
2025-12-16 20:24:40,825 [WARN] PackLoader:240 - Cannot read IP mode file for STMicroelectronics.X-CUBE-MEMS1.12.0.0
2025-12-16 20:24:40,871 [WARN] PackLoader:240 - Cannot read IP mode file for STMicroelectronics.X-CUBE-AZRTOS-G0.1.1.0
2025-12-16 20:24:40,874 [WARN] PackLoader:240 - Cannot read IP mode file for STMicroelectronics.X-CUBE-SAFEA1.1.2.2
2025-12-16 20:24:40,878 [WARN] PackLoader:240 - Cannot read IP mode file for STMicroelectronics.X-CUBE-NFC4.3.0.0
2025-12-16 20:24:40,882 [WARN] PackLoader:240 - Cannot read IP mode file for EmbeddedOffice.I-CUBE-FS-RTOS.1.0.1
2025-12-16 20:24:40,885 [WARN] PackLoader:240 - Cannot read IP mode file for STMicroelectronics.X-CUBE-WB05N.2.0.0
2025-12-16 20:24:40,887 [WARN] PackLoader:240 - Cannot read IP mode file for wolfSSL.I-CUBE-wolfTPM.3.8.0
2025-12-16 20:24:40,889 [WARN] PackLoader:240 - Cannot read IP mode file for STMicroelectronics.X-CUBE-TCPP.4.2.0
2025-12-16 20:24:40,893 [WARN] PackLoader:240 - Cannot read IP mode file for RealThread.X-CUBE-RT-Thread_Nano.4.1.1
2025-12-16 20:24:40,895 [WARN] PackLoader:240 - Cannot read IP mode file for STMicroelectronics.FP-ATR-SIGFOX1.3.2.0
2025-12-16 20:24:40,898 [WARN] PackLoader:240 - Cannot read IP mode file for ITTIA_DB.I-CUBE-ITTIADB.8.9.0
2025-12-16 20:24:40,903 [WARN] PackLoader:240 - Cannot read IP mode file for STMicroelectronics.X-CUBE-ST67W61.1.0.0
2025-12-16 20:24:40,907 [WARN] PackLoader:240 - Cannot read IP mode file for STMicroelectronics.X-CUBE-AI.10.2.0
2025-12-16 20:24:40,917 [WARN] PackLoader:240 - Cannot read IP mode file for SEGGER.I-CUBE-embOS.1.3.1
2025-12-16 20:24:40,936 [WARN] PackLoader:240 - Cannot read IP mode file for STMicroelectronics.X-CUBE-ALGOBUILD.1.4.0
2025-12-16 20:24:40,950 [WARN] PackLoader:240 - Cannot read IP mode file for STMicroelectronics.X-CUBE-MEMS1.11.3.0
2025-12-16 20:24:41,005 [WARN] PackLoader:240 - Cannot read IP mode file for STMicroelectronics.X-CUBE-PM33A1.1.0.0
2025-12-16 20:24:41,011 [WARN] PackLoader:240 - Cannot read IP mode file for STMicroelectronics.X-CUBE-AZRTOS-F4.1.1.0
2025-12-16 20:24:41,015 [WARN] PackLoader:240 - Cannot read IP mode file for STMicroelectronics.X-CUBE-ISPU.2.1.0
2025-12-16 20:24:41,020 [WARN] PackLoader:240 - Cannot read IP mode file for STMicroelectronics.X-CUBE-IPS.3.2.0
2025-12-16 20:24:41,025 [WARN] PackLoader:240 - Cannot read IP mode file for STMicroelectronics.X-CUBE-NFC12.1.0.0
2025-12-16 20:24:41,030 [WARN] PackLoader:240 - Cannot read IP mode file for STMicroelectronics.X-CUBE-AZRTOS-L5.2.0.0
2025-12-16 20:24:41,035 [WARN] PackLoader:240 - Cannot read IP mode file for STMicroelectronics.X-CUBE-NFC6.3.1.0
2025-12-16 20:24:41,038 [WARN] PackLoader:240 - Cannot read IP mode file for STMicroelectronics.X-CUBE-FREERTOS.1.3.1
2025-12-16 20:24:41,043 [WARN] PackLoader:240 - Cannot read IP mode file for STMicroelectronics.X-CUBE-TOUCHGFX.4.26.0
2025-12-16 20:24:41,046 [WARN] PackLoader:240 - Cannot read IP mode file for STMicroelectronics.FP-SNS-STAIOTCFT.1.0.0
2025-12-16 20:24:41,048 [WARN] PackLoader:240 - Cannot read IP mode file for STMicroelectronics.X-CUBE-DPower.1.3.0
2025-12-16 20:24:41,054 [WARN] ConditionMgr:438 - getConditionDescription Invalid condition id : LAN8742 Phy interface Condition cause : null
2025-12-16 20:24:41,054 [WARN] PackLoader:240 - Cannot read IP mode file for STMicroelectronics.X-CUBE-AZRTOS-L4.2.0.0
2025-12-16 20:24:41,055 [WARN] ConditionMgr:1044 - genDependencies : Invalid condition id : LAN8742 Phy interface Condition cause : null
2025-12-16 20:24:41,055 [WARN] ConditionMgr:1044 - genDependencies : Invalid condition id : LAN8742 Phy interface Condition cause : null
2025-12-16 20:24:41,055 [WARN] ConditionMgr:1044 - genDependencies : Invalid condition id : LAN8742 Phy interface Condition cause : null
2025-12-16 20:24:41,059 [WARN] PackLoader:240 - Cannot read IP mode file for STMicroelectronics.X-CUBE-SFXS2LP1.4.0.0
2025-12-16 20:24:41,062 [WARN] PackLoader:240 - Cannot read IP mode file for STMicroelectronics.X-CUBE-BLEMGR.4.1.0
2025-12-16 20:24:41,068 [WARN] ConditionMgr:438 - getConditionDescription Invalid condition id : UX DEVICE CLASS RTOS Condition cause : null
2025-12-16 20:24:41,068 [WARN] ConditionMgr:438 - getConditionDescription Invalid condition id : UX DEVICE CLASS RTOS Condition cause : null
2025-12-16 20:24:41,068 [WARN] PackLoader:240 - Cannot read IP mode file for STMicroelectronics.X-CUBE-AZRTOS-WB.2.0.0
2025-12-16 20:24:41,068 [WARN] ConditionMgr:1044 - genDependencies : Invalid condition id : UX DEVICE CLASS RTOS Condition cause : null
2025-12-16 20:24:41,068 [WARN] ConditionMgr:1044 - genDependencies : Invalid condition id : UX DEVICE CLASS RTOS Condition cause : null
2025-12-16 20:24:41,069 [WARN] ConditionMgr:1044 - genDependencies : Invalid condition id : UX DEVICE CLASS RTOS Condition cause : null
2025-12-16 20:24:41,069 [WARN] ConditionMgr:1044 - genDependencies : Invalid condition id : UX DEVICE CLASS RTOS Condition cause : null
2025-12-16 20:24:41,069 [WARN] ConditionMgr:1044 - genDependencies : Invalid condition id : UX DEVICE CLASS RTOS Condition cause : null
2025-12-16 20:24:41,071 [WARN] PackLoader:240 - Cannot read IP mode file for STMicroelectronics.X-CUBE-GNSS1.7.0.1
2025-12-16 20:24:41,081 [WARN] PackLoader:240 - Cannot read IP mode file for STMicroelectronics.X-CUBE-TOUCHGFX.4.25.0
2025-12-16 20:24:41,084 [WARN] ConditionMgr:438 - getConditionDescription Invalid condition id : Cortex-A Device cause : null
2025-12-16 20:24:41,087 [WARN] ConditionMgr:1044 - genDependencies : Invalid condition id : Cortex-A Device cause : null
2025-12-16 20:24:41,087 [WARN] ConditionMgr:1044 - genDependencies : Invalid condition id : Cortex-A Device cause : null
2025-12-16 20:24:41,087 [WARN] ConditionMgr:1044 - genDependencies : Invalid condition id : Cortex-A Device cause : null
2025-12-16 20:24:41,091 [WARN] PackLoader:240 - Cannot read IP mode file for STMicroelectronics.X-CUBE-SUBG2.5.0.0
2025-12-16 20:24:41,099 [WARN] PackLoader:240 - Cannot read IP mode file for STMicroelectronics.X-CUBE-AZRTOS-H7RS.1.1.0
2025-12-16 20:24:41,105 [WARN] PackLoader:240 - Cannot read IP mode file for STMicroelectronics.X-CUBE-AZRTOS-G4.2.0.0
2025-12-16 20:24:41,108 [WARN] PackLoader:240 - Cannot read IP mode file for wolfSSL.I-CUBE-wolfSSH.1.4.20
2025-12-16 20:24:41,111 [WARN] PackLoader:240 - Cannot read IP mode file for STMicroelectronics.X-CUBE-NFC7.2.0.0
2025-12-16 20:24:41,115 [WARN] PackLoader:240 - Cannot read IP mode file for STMicroelectronics.X-CUBE-IPS.3.1.0
2025-12-16 20:24:41,120 [WARN] PackLoader:240 - Cannot read IP mode file for STMicroelectronics.X-CUBE-ALS.1.0.2
2025-12-16 20:24:41,123 [WARN] PackLoader:240 - Cannot read IP mode file for STMicroelectronics.X-CUBE-STSE01.1.0.0
2025-12-16 20:24:41,128 [WARN] PackLoader:240 - Cannot read IP mode file for STMicroelectronics.X-CUBE-TOF1.3.4.3
2025-12-16 20:24:41,131 [INFO] ThirdParty:978 - Integrity check success = true
2025-12-16 20:24:41,131 [INFO] IntegrityCheckThread:100 - exiting critical section [integrity check]
2025-12-16 20:24:41,131 [INFO] IntegrityCheckThread:103 - End integrity checks thread
2025-12-16 20:24:58,695 [INFO] WebApp:194 - Connection lost
2025-12-16 20:24:58,783 [INFO] WebApp:191 - Connection restablished
2025-12-16 20:25:31,402 [ERROR] LogOutputStream:75 - [STDERR_REDIRECT] 
